<?xml version="1.0" encoding="UTF-8"?>
<testsuite xmlns:xsi="http://www.w3.org/2001/XMLSchema-instance" xsi:noNamespaceSchemaLocation="https://maven.apache.org/surefire/maven-surefire-plugin/xsd/surefire-test-report.xsd" name="com.yuan.middleware.MiddlewareRabbitmqApplicationTests" time="3.621" tests="1" errors="0" skipped="0" failures="0">
  <properties>
    <property name="gopherProxySet" value="false"/>
    <property name="awt.toolkit" value="sun.lwawt.macosx.LWCToolkit"/>
    <property name="file.encoding.pkg" value="sun.io"/>
    <property name="java.specification.version" value="1.8"/>
    <property name="sun.cpu.isalist" value=""/>
    <property name="sun.jnu.encoding" value="UTF-8"/>
    <property name="java.class.path" value="/Users/yuan/eclipse/middleware/middleware-rabbitmq/target/test-classes:/Users/yuan/eclipse/middleware/middleware-rabbitmq/target/classes:/Users/yuan/softWare/repository/org/springframework/boot/spring-boot-starter/2.1.9.RELEASE/spring-boot-starter-2.1.9.RELEASE.jar:/Users/yuan/softWare/repository/org/springframework/boot/spring-boot/2.1.9.RELEASE/spring-boot-2.1.9.RELEASE.jar:/Users/yuan/softWare/repository/org/springframework/spring-context/5.1.10.RELEASE/spring-context-5.1.10.RELEASE.jar:/Users/yuan/softWare/repository/org/springframework/boot/spring-boot-autoconfigure/2.1.9.RELEASE/spring-boot-autoconfigure-2.1.9.RELEASE.jar:/Users/yuan/softWare/repository/org/springframework/boot/spring-boot-starter-logging/2.1.9.RELEASE/spring-boot-starter-logging-2.1.9.RELEASE.jar:/Users/yuan/softWare/repository/ch/qos/logback/logback-classic/1.2.3/logback-classic-1.2.3.jar:/Users/yuan/softWare/repository/ch/qos/logback/logback-core/1.2.3/logback-core-1.2.3.jar:/Users/yuan/softWare/repository/org/apache/logging/log4j/log4j-to-slf4j/2.11.2/log4j-to-slf4j-2.11.2.jar:/Users/yuan/softWare/repository/org/apache/logging/log4j/log4j-api/2.11.2/log4j-api-2.11.2.jar:/Users/yuan/softWare/repository/org/slf4j/jul-to-slf4j/1.7.28/jul-to-slf4j-1.7.28.jar:/Users/yuan/softWare/repository/javax/annotation/javax.annotation-api/1.3.2/javax.annotation-api-1.3.2.jar:/Users/yuan/softWare/repository/org/springframework/spring-core/5.1.10.RELEASE/spring-core-5.1.10.RELEASE.jar:/Users/yuan/softWare/repository/org/springframework/spring-jcl/5.1.10.RELEASE/spring-jcl-5.1.10.RELEASE.jar:/Users/yuan/softWare/repository/org/yaml/snakeyaml/1.23/snakeyaml-1.23.jar:/Users/yuan/softWare/repository/org/springframework/boot/spring-boot-starter-test/2.1.9.RELEASE/spring-boot-starter-test-2.1.9.RELEASE.jar:/Users/yuan/softWare/repository/org/springframework/boot/spring-boot-test/2.1.9.RELEASE/spring-boot-test-2.1.9.RELEASE.jar:/Users/yuan/softWare/repository/org/springframework/boot/spring-boot-test-autoconfigure/2.1.9.RELEASE/spring-boot-test-autoconfigure-2.1.9.RELEASE.jar:/Users/yuan/softWare/repository/com/jayway/jsonpath/json-path/2.4.0/json-path-2.4.0.jar:/Users/yuan/softWare/repository/net/minidev/json-smart/2.3/json-smart-2.3.jar:/Users/yuan/softWare/repository/net/minidev/accessors-smart/1.2/accessors-smart-1.2.jar:/Users/yuan/softWare/repository/org/ow2/asm/asm/5.0.4/asm-5.0.4.jar:/Users/yuan/softWare/repository/org/slf4j/slf4j-api/1.7.28/slf4j-api-1.7.28.jar:/Users/yuan/softWare/repository/junit/junit/4.12/junit-4.12.jar:/Users/yuan/softWare/repository/org/assertj/assertj-core/3.11.1/assertj-core-3.11.1.jar:/Users/yuan/softWare/repository/org/mockito/mockito-core/2.23.4/mockito-core-2.23.4.jar:/Users/yuan/softWare/repository/net/bytebuddy/byte-buddy/1.9.16/byte-buddy-1.9.16.jar:/Users/yuan/softWare/repository/net/bytebuddy/byte-buddy-agent/1.9.16/byte-buddy-agent-1.9.16.jar:/Users/yuan/softWare/repository/org/objenesis/objenesis/2.6/objenesis-2.6.jar:/Users/yuan/softWare/repository/org/hamcrest/hamcrest-core/1.3/hamcrest-core-1.3.jar:/Users/yuan/softWare/repository/org/hamcrest/hamcrest-library/1.3/hamcrest-library-1.3.jar:/Users/yuan/softWare/repository/org/skyscreamer/jsonassert/1.5.0/jsonassert-1.5.0.jar:/Users/yuan/softWare/repository/com/vaadin/external/google/android-json/0.0.20131108.vaadin1/android-json-0.0.20131108.vaadin1.jar:/Users/yuan/softWare/repository/org/springframework/spring-test/5.1.10.RELEASE/spring-test-5.1.10.RELEASE.jar:/Users/yuan/softWare/repository/org/xmlunit/xmlunit-core/2.6.3/xmlunit-core-2.6.3.jar:/Users/yuan/eclipse/middleware/middleware-api/target/middleware-api-0.0.1-SNAPSHOT.jar:/Users/yuan/softWare/repository/org/springframework/cloud/spring-cloud-starter-stream-rabbit/2.2.1.RELEASE/spring-cloud-starter-stream-rabbit-2.2.1.RELEASE.jar:/Users/yuan/softWare/repository/org/springframework/cloud/spring-cloud-stream-binder-rabbit/2.2.1.RELEASE/spring-cloud-stream-binder-rabbit-2.2.1.RELEASE.jar:/Users/yuan/softWare/repository/org/springframework/cloud/spring-cloud-stream-binder-rabbit-core/2.2.1.RELEASE/spring-cloud-stream-binder-rabbit-core-2.2.1.RELEASE.jar:/Users/yuan/softWare/repository/com/rabbitmq/http-client/2.1.0.RELEASE/http-client-2.1.0.RELEASE.jar:/Users/yuan/softWare/repository/org/springframework/cloud/spring-cloud-stream/2.2.1.RELEASE/spring-cloud-stream-2.2.1.RELEASE.jar:/Users/yuan/softWare/repository/org/springframework/boot/spring-boot-starter-validation/2.1.9.RELEASE/spring-boot-starter-validation-2.1.9.RELEASE.jar:/Users/yuan/softWare/repository/org/springframework/spring-messaging/5.1.10.RELEASE/spring-messaging-5.1.10.RELEASE.jar:/Users/yuan/softWare/repository/org/springframework/spring-tuple/1.0.0.RELEASE/spring-tuple-1.0.0.RELEASE.jar:/Users/yuan/softWare/repository/com/esotericsoftware/kryo-shaded/3.0.3/kryo-shaded-3.0.3.jar:/Users/yuan/softWare/repository/com/esotericsoftware/minlog/1.3.0/minlog-1.3.0.jar:/Users/yuan/softWare/repository/org/springframework/integration/spring-integration-tuple/1.0.0.RELEASE/spring-integration-tuple-1.0.0.RELEASE.jar:/Users/yuan/softWare/repository/org/springframework/retry/spring-retry/1.2.4.RELEASE/spring-retry-1.2.4.RELEASE.jar:/Users/yuan/softWare/repository/org/springframework/cloud/spring-cloud-function-context/2.1.1.RELEASE/spring-cloud-function-context-2.1.1.RELEASE.jar:/Users/yuan/softWare/repository/org/springframework/cloud/spring-cloud-function-core/2.1.1.RELEASE/spring-cloud-function-core-2.1.1.RELEASE.jar:/Users/yuan/softWare/repository/org/springframework/boot/spring-boot-starter-amqp/2.1.9.RELEASE/spring-boot-starter-amqp-2.1.9.RELEASE.jar:/Users/yuan/softWare/repository/org/springframework/amqp/spring-rabbit/2.1.11.RELEASE/spring-rabbit-2.1.11.RELEASE.jar:/Users/yuan/softWare/repository/com/rabbitmq/amqp-client/5.4.3/amqp-client-5.4.3.jar:/Users/yuan/softWare/repository/org/springframework/amqp/spring-amqp/2.1.11.RELEASE/spring-amqp-2.1.11.RELEASE.jar:/Users/yuan/softWare/repository/org/springframework/integration/spring-integration-amqp/5.1.8.RELEASE/spring-integration-amqp-5.1.8.RELEASE.jar:/Users/yuan/softWare/repository/org/springframework/integration/spring-integration-core/5.1.8.RELEASE/spring-integration-core-5.1.8.RELEASE.jar:/Users/yuan/softWare/repository/org/springframework/spring-tx/5.1.10.RELEASE/spring-tx-5.1.10.RELEASE.jar:/Users/yuan/softWare/repository/io/projectreactor/reactor-core/3.2.12.RELEASE/reactor-core-3.2.12.RELEASE.jar:/Users/yuan/softWare/repository/org/reactivestreams/reactive-streams/1.0.3/reactive-streams-1.0.3.jar:/Users/yuan/softWare/repository/org/springframework/integration/spring-integration-jmx/5.1.8.RELEASE/spring-integration-jmx-5.1.8.RELEASE.jar:/Users/yuan/softWare/repository/org/apache/httpcomponents/httpclient/4.5.10/httpclient-4.5.10.jar:/Users/yuan/softWare/repository/org/apache/httpcomponents/httpcore/4.4.12/httpcore-4.4.12.jar:/Users/yuan/softWare/repository/commons-codec/commons-codec/1.11/commons-codec-1.11.jar:/Users/yuan/softWare/repository/org/springframework/boot/spring-boot-starter-web/2.1.9.RELEASE/spring-boot-starter-web-2.1.9.RELEASE.jar:/Users/yuan/softWare/repository/org/springframework/boot/spring-boot-starter-json/2.1.9.RELEASE/spring-boot-starter-json-2.1.9.RELEASE.jar:/Users/yuan/softWare/repository/com/fasterxml/jackson/core/jackson-databind/2.9.9.3/jackson-databind-2.9.9.3.jar:/Users/yuan/softWare/repository/com/fasterxml/jackson/core/jackson-annotations/2.9.0/jackson-annotations-2.9.0.jar:/Users/yuan/softWare/repository/com/fasterxml/jackson/core/jackson-core/2.9.9/jackson-core-2.9.9.jar:/Users/yuan/softWare/repository/com/fasterxml/jackson/datatype/jackson-datatype-jdk8/2.9.9/jackson-datatype-jdk8-2.9.9.jar:/Users/yuan/softWare/repository/com/fasterxml/jackson/datatype/jackson-datatype-jsr310/2.9.9/jackson-datatype-jsr310-2.9.9.jar:/Users/yuan/softWare/repository/com/fasterxml/jackson/module/jackson-module-parameter-names/2.9.9/jackson-module-parameter-names-2.9.9.jar:/Users/yuan/softWare/repository/org/springframework/boot/spring-boot-starter-tomcat/2.1.9.RELEASE/spring-boot-starter-tomcat-2.1.9.RELEASE.jar:/Users/yuan/softWare/repository/org/apache/tomcat/embed/tomcat-embed-core/9.0.26/tomcat-embed-core-9.0.26.jar:/Users/yuan/softWare/repository/org/apache/tomcat/embed/tomcat-embed-el/9.0.26/tomcat-embed-el-9.0.26.jar:/Users/yuan/softWare/repository/org/apache/tomcat/embed/tomcat-embed-websocket/9.0.26/tomcat-embed-websocket-9.0.26.jar:/Users/yuan/softWare/repository/org/hibernate/validator/hibernate-validator/6.0.17.Final/hibernate-validator-6.0.17.Final.jar:/Users/yuan/softWare/repository/javax/validation/validation-api/2.0.1.Final/validation-api-2.0.1.Final.jar:/Users/yuan/softWare/repository/org/jboss/logging/jboss-logging/3.3.3.Final/jboss-logging-3.3.3.Final.jar:/Users/yuan/softWare/repository/com/fasterxml/classmate/1.4.0/classmate-1.4.0.jar:/Users/yuan/softWare/repository/org/springframework/spring-web/5.1.10.RELEASE/spring-web-5.1.10.RELEASE.jar:/Users/yuan/softWare/repository/org/springframework/spring-beans/5.1.10.RELEASE/spring-beans-5.1.10.RELEASE.jar:/Users/yuan/softWare/repository/org/springframework/spring-webmvc/5.1.10.RELEASE/spring-webmvc-5.1.10.RELEASE.jar:/Users/yuan/softWare/repository/org/springframework/spring-aop/5.1.10.RELEASE/spring-aop-5.1.10.RELEASE.jar:/Users/yuan/softWare/repository/org/springframework/spring-expression/5.1.10.RELEASE/spring-expression-5.1.10.RELEASE.jar:/Users/yuan/softWare/repository/mysql/mysql-connector-java/8.0.17/mysql-connector-java-8.0.17.jar:/Users/yuan/softWare/repository/org/projectlombok/lombok/1.18.10/lombok-1.18.10.jar:/Users/yuan/softWare/repository/log4j/log4j/1.2.17/log4j-1.2.17.jar:"/>
    <property name="java.vm.vendor" value="Oracle Corporation"/>
    <property name="sun.arch.data.model" value="64"/>
    <property name="java.vendor.url" value="http://java.oracle.com/"/>
    <property name="user.timezone" value=""/>
    <property name="java.vm.specification.version" value="1.8"/>
    <property name="os.name" value="Mac OS X"/>
    <property name="user.country" value="CN"/>
    <property name="sun.java.launcher" value="SUN_STANDARD"/>
    <property name="sun.boot.library.path" value="/Library/Java/JavaVirtualMachines/jdk1.8.0_201.jdk/Contents/Home/jre/lib"/>
    <property name="sun.java.command" value="/Users/yuan/eclipse/middleware/middleware-rabbitmq/target/surefire/surefirebooter8288000383346184539.jar /Users/yuan/eclipse/middleware/middleware-rabbitmq/target/surefire 2019-10-19T19-56-52_797-jvmRun1 surefire550654154774759816tmp surefire_11655970023506290043tmp"/>
    <property name="http.nonProxyHosts" value="local|*.local|169.254/16|*.169.254/16"/>
    <property name="surefire.test.class.path" value="/Users/yuan/eclipse/middleware/middleware-rabbitmq/target/test-classes:/Users/yuan/eclipse/middleware/middleware-rabbitmq/target/classes:/Users/yuan/softWare/repository/org/springframework/boot/spring-boot-starter/2.1.9.RELEASE/spring-boot-starter-2.1.9.RELEASE.jar:/Users/yuan/softWare/repository/org/springframework/boot/spring-boot/2.1.9.RELEASE/spring-boot-2.1.9.RELEASE.jar:/Users/yuan/softWare/repository/org/springframework/spring-context/5.1.10.RELEASE/spring-context-5.1.10.RELEASE.jar:/Users/yuan/softWare/repository/org/springframework/boot/spring-boot-autoconfigure/2.1.9.RELEASE/spring-boot-autoconfigure-2.1.9.RELEASE.jar:/Users/yuan/softWare/repository/org/springframework/boot/spring-boot-starter-logging/2.1.9.RELEASE/spring-boot-starter-logging-2.1.9.RELEASE.jar:/Users/yuan/softWare/repository/ch/qos/logback/logback-classic/1.2.3/logback-classic-1.2.3.jar:/Users/yuan/softWare/repository/ch/qos/logback/logback-core/1.2.3/logback-core-1.2.3.jar:/Users/yuan/softWare/repository/org/apache/logging/log4j/log4j-to-slf4j/2.11.2/log4j-to-slf4j-2.11.2.jar:/Users/yuan/softWare/repository/org/apache/logging/log4j/log4j-api/2.11.2/log4j-api-2.11.2.jar:/Users/yuan/softWare/repository/org/slf4j/jul-to-slf4j/1.7.28/jul-to-slf4j-1.7.28.jar:/Users/yuan/softWare/repository/javax/annotation/javax.annotation-api/1.3.2/javax.annotation-api-1.3.2.jar:/Users/yuan/softWare/repository/org/springframework/spring-core/5.1.10.RELEASE/spring-core-5.1.10.RELEASE.jar:/Users/yuan/softWare/repository/org/springframework/spring-jcl/5.1.10.RELEASE/spring-jcl-5.1.10.RELEASE.jar:/Users/yuan/softWare/repository/org/yaml/snakeyaml/1.23/snakeyaml-1.23.jar:/Users/yuan/softWare/repository/org/springframework/boot/spring-boot-starter-test/2.1.9.RELEASE/spring-boot-starter-test-2.1.9.RELEASE.jar:/Users/yuan/softWare/repository/org/springframework/boot/spring-boot-test/2.1.9.RELEASE/spring-boot-test-2.1.9.RELEASE.jar:/Users/yuan/softWare/repository/org/springframework/boot/spring-boot-test-autoconfigure/2.1.9.RELEASE/spring-boot-test-autoconfigure-2.1.9.RELEASE.jar:/Users/yuan/softWare/repository/com/jayway/jsonpath/json-path/2.4.0/json-path-2.4.0.jar:/Users/yuan/softWare/repository/net/minidev/json-smart/2.3/json-smart-2.3.jar:/Users/yuan/softWare/repository/net/minidev/accessors-smart/1.2/accessors-smart-1.2.jar:/Users/yuan/softWare/repository/org/ow2/asm/asm/5.0.4/asm-5.0.4.jar:/Users/yuan/softWare/repository/org/slf4j/slf4j-api/1.7.28/slf4j-api-1.7.28.jar:/Users/yuan/softWare/repository/junit/junit/4.12/junit-4.12.jar:/Users/yuan/softWare/repository/org/assertj/assertj-core/3.11.1/assertj-core-3.11.1.jar:/Users/yuan/softWare/repository/org/mockito/mockito-core/2.23.4/mockito-core-2.23.4.jar:/Users/yuan/softWare/repository/net/bytebuddy/byte-buddy/1.9.16/byte-buddy-1.9.16.jar:/Users/yuan/softWare/repository/net/bytebuddy/byte-buddy-agent/1.9.16/byte-buddy-agent-1.9.16.jar:/Users/yuan/softWare/repository/org/objenesis/objenesis/2.6/objenesis-2.6.jar:/Users/yuan/softWare/repository/org/hamcrest/hamcrest-core/1.3/hamcrest-core-1.3.jar:/Users/yuan/softWare/repository/org/hamcrest/hamcrest-library/1.3/hamcrest-library-1.3.jar:/Users/yuan/softWare/repository/org/skyscreamer/jsonassert/1.5.0/jsonassert-1.5.0.jar:/Users/yuan/softWare/repository/com/vaadin/external/google/android-json/0.0.20131108.vaadin1/android-json-0.0.20131108.vaadin1.jar:/Users/yuan/softWare/repository/org/springframework/spring-test/5.1.10.RELEASE/spring-test-5.1.10.RELEASE.jar:/Users/yuan/softWare/repository/org/xmlunit/xmlunit-core/2.6.3/xmlunit-core-2.6.3.jar:/Users/yuan/eclipse/middleware/middleware-api/target/middleware-api-0.0.1-SNAPSHOT.jar:/Users/yuan/softWare/repository/org/springframework/cloud/spring-cloud-starter-stream-rabbit/2.2.1.RELEASE/spring-cloud-starter-stream-rabbit-2.2.1.RELEASE.jar:/Users/yuan/softWare/repository/org/springframework/cloud/spring-cloud-stream-binder-rabbit/2.2.1.RELEASE/spring-cloud-stream-binder-rabbit-2.2.1.RELEASE.jar:/Users/yuan/softWare/repository/org/springframework/cloud/spring-cloud-stream-binder-rabbit-core/2.2.1.RELEASE/spring-cloud-stream-binder-rabbit-core-2.2.1.RELEASE.jar:/Users/yuan/softWare/repository/com/rabbitmq/http-client/2.1.0.RELEASE/http-client-2.1.0.RELEASE.jar:/Users/yuan/softWare/repository/org/springframework/cloud/spring-cloud-stream/2.2.1.RELEASE/spring-cloud-stream-2.2.1.RELEASE.jar:/Users/yuan/softWare/repository/org/springframework/boot/spring-boot-starter-validation/2.1.9.RELEASE/spring-boot-starter-validation-2.1.9.RELEASE.jar:/Users/yuan/softWare/repository/org/springframework/spring-messaging/5.1.10.RELEASE/spring-messaging-5.1.10.RELEASE.jar:/Users/yuan/softWare/repository/org/springframework/spring-tuple/1.0.0.RELEASE/spring-tuple-1.0.0.RELEASE.jar:/Users/yuan/softWare/repository/com/esotericsoftware/kryo-shaded/3.0.3/kryo-shaded-3.0.3.jar:/Users/yuan/softWare/repository/com/esotericsoftware/minlog/1.3.0/minlog-1.3.0.jar:/Users/yuan/softWare/repository/org/springframework/integration/spring-integration-tuple/1.0.0.RELEASE/spring-integration-tuple-1.0.0.RELEASE.jar:/Users/yuan/softWare/repository/org/springframework/retry/spring-retry/1.2.4.RELEASE/spring-retry-1.2.4.RELEASE.jar:/Users/yuan/softWare/repository/org/springframework/cloud/spring-cloud-function-context/2.1.1.RELEASE/spring-cloud-function-context-2.1.1.RELEASE.jar:/Users/yuan/softWare/repository/org/springframework/cloud/spring-cloud-function-core/2.1.1.RELEASE/spring-cloud-function-core-2.1.1.RELEASE.jar:/Users/yuan/softWare/repository/org/springframework/boot/spring-boot-starter-amqp/2.1.9.RELEASE/spring-boot-starter-amqp-2.1.9.RELEASE.jar:/Users/yuan/softWare/repository/org/springframework/amqp/spring-rabbit/2.1.11.RELEASE/spring-rabbit-2.1.11.RELEASE.jar:/Users/yuan/softWare/repository/com/rabbitmq/amqp-client/5.4.3/amqp-client-5.4.3.jar:/Users/yuan/softWare/repository/org/springframework/amqp/spring-amqp/2.1.11.RELEASE/spring-amqp-2.1.11.RELEASE.jar:/Users/yuan/softWare/repository/org/springframework/integration/spring-integration-amqp/5.1.8.RELEASE/spring-integration-amqp-5.1.8.RELEASE.jar:/Users/yuan/softWare/repository/org/springframework/integration/spring-integration-core/5.1.8.RELEASE/spring-integration-core-5.1.8.RELEASE.jar:/Users/yuan/softWare/repository/org/springframework/spring-tx/5.1.10.RELEASE/spring-tx-5.1.10.RELEASE.jar:/Users/yuan/softWare/repository/io/projectreactor/reactor-core/3.2.12.RELEASE/reactor-core-3.2.12.RELEASE.jar:/Users/yuan/softWare/repository/org/reactivestreams/reactive-streams/1.0.3/reactive-streams-1.0.3.jar:/Users/yuan/softWare/repository/org/springframework/integration/spring-integration-jmx/5.1.8.RELEASE/spring-integration-jmx-5.1.8.RELEASE.jar:/Users/yuan/softWare/repository/org/apache/httpcomponents/httpclient/4.5.10/httpclient-4.5.10.jar:/Users/yuan/softWare/repository/org/apache/httpcomponents/httpcore/4.4.12/httpcore-4.4.12.jar:/Users/yuan/softWare/repository/commons-codec/commons-codec/1.11/commons-codec-1.11.jar:/Users/yuan/softWare/repository/org/springframework/boot/spring-boot-starter-web/2.1.9.RELEASE/spring-boot-starter-web-2.1.9.RELEASE.jar:/Users/yuan/softWare/repository/org/springframework/boot/spring-boot-starter-json/2.1.9.RELEASE/spring-boot-starter-json-2.1.9.RELEASE.jar:/Users/yuan/softWare/repository/com/fasterxml/jackson/core/jackson-databind/2.9.9.3/jackson-databind-2.9.9.3.jar:/Users/yuan/softWare/repository/com/fasterxml/jackson/core/jackson-annotations/2.9.0/jackson-annotations-2.9.0.jar:/Users/yuan/softWare/repository/com/fasterxml/jackson/core/jackson-core/2.9.9/jackson-core-2.9.9.jar:/Users/yuan/softWare/repository/com/fasterxml/jackson/datatype/jackson-datatype-jdk8/2.9.9/jackson-datatype-jdk8-2.9.9.jar:/Users/yuan/softWare/repository/com/fasterxml/jackson/datatype/jackson-datatype-jsr310/2.9.9/jackson-datatype-jsr310-2.9.9.jar:/Users/yuan/softWare/repository/com/fasterxml/jackson/module/jackson-module-parameter-names/2.9.9/jackson-module-parameter-names-2.9.9.jar:/Users/yuan/softWare/repository/org/springframework/boot/spring-boot-starter-tomcat/2.1.9.RELEASE/spring-boot-starter-tomcat-2.1.9.RELEASE.jar:/Users/yuan/softWare/repository/org/apache/tomcat/embed/tomcat-embed-core/9.0.26/tomcat-embed-core-9.0.26.jar:/Users/yuan/softWare/repository/org/apache/tomcat/embed/tomcat-embed-el/9.0.26/tomcat-embed-el-9.0.26.jar:/Users/yuan/softWare/repository/org/apache/tomcat/embed/tomcat-embed-websocket/9.0.26/tomcat-embed-websocket-9.0.26.jar:/Users/yuan/softWare/repository/org/hibernate/validator/hibernate-validator/6.0.17.Final/hibernate-validator-6.0.17.Final.jar:/Users/yuan/softWare/repository/javax/validation/validation-api/2.0.1.Final/validation-api-2.0.1.Final.jar:/Users/yuan/softWare/repository/org/jboss/logging/jboss-logging/3.3.3.Final/jboss-logging-3.3.3.Final.jar:/Users/yuan/softWare/repository/com/fasterxml/classmate/1.4.0/classmate-1.4.0.jar:/Users/yuan/softWare/repository/org/springframework/spring-web/5.1.10.RELEASE/spring-web-5.1.10.RELEASE.jar:/Users/yuan/softWare/repository/org/springframework/spring-beans/5.1.10.RELEASE/spring-beans-5.1.10.RELEASE.jar:/Users/yuan/softWare/repository/org/springframework/spring-webmvc/5.1.10.RELEASE/spring-webmvc-5.1.10.RELEASE.jar:/Users/yuan/softWare/repository/org/springframework/spring-aop/5.1.10.RELEASE/spring-aop-5.1.10.RELEASE.jar:/Users/yuan/softWare/repository/org/springframework/spring-expression/5.1.10.RELEASE/spring-expression-5.1.10.RELEASE.jar:/Users/yuan/softWare/repository/mysql/mysql-connector-java/8.0.17/mysql-connector-java-8.0.17.jar:/Users/yuan/softWare/repository/org/projectlombok/lombok/1.18.10/lombok-1.18.10.jar:/Users/yuan/softWare/repository/log4j/log4j/1.2.17/log4j-1.2.17.jar:"/>
    <property name="sun.cpu.endian" value="little"/>
    <property name="user.home" value="/Users/yuan"/>
    <property name="user.language" value="zh"/>
    <property name="java.specification.vendor" value="Oracle Corporation"/>
    <property name="java.home" value="/Library/Java/JavaVirtualMachines/jdk1.8.0_201.jdk/Contents/Home/jre"/>
    <property name="basedir" value="/Users/yuan/eclipse/middleware/middleware-rabbitmq"/>
    <property name="file.separator" value="/"/>
    <property name="line.separator" value="&#10;"/>
    <property name="idea.version2019.2.3" value="true"/>
    <property name="java.vm.specification.vendor" value="Oracle Corporation"/>
    <property name="java.specification.name" value="Java Platform API Specification"/>
    <property name="java.awt.graphicsenv" value="sun.awt.CGraphicsEnvironment"/>
    <property name="surefire.real.class.path" value="/Users/yuan/eclipse/middleware/middleware-rabbitmq/target/surefire/surefirebooter8288000383346184539.jar"/>
    <property name="sun.boot.class.path" value="/Library/Java/JavaVirtualMachines/jdk1.8.0_201.jdk/Contents/Home/jre/lib/resources.jar:/Library/Java/JavaVirtualMachines/jdk1.8.0_201.jdk/Contents/Home/jre/lib/rt.jar:/Library/Java/JavaVirtualMachines/jdk1.8.0_201.jdk/Contents/Home/jre/lib/sunrsasign.jar:/Library/Java/JavaVirtualMachines/jdk1.8.0_201.jdk/Contents/Home/jre/lib/jsse.jar:/Library/Java/JavaVirtualMachines/jdk1.8.0_201.jdk/Contents/Home/jre/lib/jce.jar:/Library/Java/JavaVirtualMachines/jdk1.8.0_201.jdk/Contents/Home/jre/lib/charsets.jar:/Library/Java/JavaVirtualMachines/jdk1.8.0_201.jdk/Contents/Home/jre/lib/jfr.jar:/Library/Java/JavaVirtualMachines/jdk1.8.0_201.jdk/Contents/Home/jre/classes"/>
    <property name="sun.management.compiler" value="HotSpot 64-Bit Tiered Compilers"/>
    <property name="ftp.nonProxyHosts" value="local|*.local|169.254/16|*.169.254/16"/>
    <property name="java.runtime.version" value="1.8.0_201-b09"/>
    <property name="user.name" value="yuan"/>
    <property name="path.separator" value=":"/>
    <property name="os.version" value="10.15"/>
    <property name="java.endorsed.dirs" value="/Library/Java/JavaVirtualMachines/jdk1.8.0_201.jdk/Contents/Home/jre/lib/endorsed"/>
    <property name="java.runtime.name" value="Java(TM) SE Runtime Environment"/>
    <property name="file.encoding" value="UTF-8"/>
    <property name="java.vm.name" value="Java HotSpot(TM) 64-Bit Server VM"/>
    <property name="localRepository" value="/Users/yuan/softWare/repository"/>
    <property name="java.vendor.url.bug" value="http://bugreport.sun.com/bugreport/"/>
    <property name="java.io.tmpdir" value="/var/folders/ck/8n5q0kzx1nj_q9y3_5k08_c80000gp/T/"/>
    <property name="java.version" value="1.8.0_201"/>
    <property name="user.dir" value="/Users/yuan/eclipse/middleware/middleware-rabbitmq"/>
    <property name="os.arch" value="x86_64"/>
    <property name="java.vm.specification.name" value="Java Virtual Machine Specification"/>
    <property name="java.awt.printerjob" value="sun.lwawt.macosx.CPrinterJob"/>
    <property name="sun.os.patch.level" value="unknown"/>
    <property name="java.library.path" value="/Users/yuan/Library/Java/Extensions:/Library/Java/Extensions:/Network/Library/Java/Extensions:/System/Library/Java/Extensions:/usr/lib/java:."/>
    <property name="java.vm.info" value="mixed mode"/>
    <property name="java.vendor" value="Oracle Corporation"/>
    <property name="java.vm.version" value="25.201-b09"/>
    <property name="java.ext.dirs" value="/Users/yuan/Library/Java/Extensions:/Library/Java/JavaVirtualMachines/jdk1.8.0_201.jdk/Contents/Home/jre/lib/ext:/Library/Java/Extensions:/Network/Library/Java/Extensions:/System/Library/Java/Extensions:/usr/lib/java"/>
    <property name="sun.io.unicode.encoding" value="UnicodeBig"/>
    <property name="maven.repo.local" value="/Users/yuan/softWare/repository"/>
    <property name="java.class.version" value="52.0"/>
    <property name="socksNonProxyHosts" value="local|*.local|169.254/16|*.169.254/16"/>
  </properties>
  <testcase name="contextLoads" classname="com.yuan.middleware.MiddlewareRabbitmqApplicationTests" time="0.166"/>
</testsuite>